<?xml version="1.0" encoding="UTF-8"?>
<!-- Generated by org.testng.reporters.JUnitXMLReporter -->
<testsuite hostname="DESKTOP-J7UJK7R" ignored="0" name="Test" tests="1" failures="1" timestamp="2021-09-25T17:21:14 IST" time="17.151" errors="0">
  <testcase name="validate" time="6.481" classname="test.ValidateTitle">
    <failure type="junit.framework.AssertionFailedError">
      <![CDATA[junit.framework.AssertionFailedError
at junit.framework.Assert.fail(Assert.java:47)
at junit.framework.Assert.assertTrue(Assert.java:20)
at junit.framework.Assert.assertTrue(Assert.java:27)
at test.ValidateTitle.validate(ValidateTitle.java:36)
at java.util.ArrayList.forEach(ArrayList.java:1259)
... Removed 27 stack frames]]>
    </failure>
  </testcase> <!-- validate -->
</testsuite> <!-- Test -->
